<?xml version="1.0" encoding="UTF-8"?>
<testng-results skipped="0" failed="1" total="1" passed="0">
  <reporter-output>
  </reporter-output>
  <suite name="Default suite" duration-ms="4679" started-at="2024-02-13T18:59:50Z" finished-at="2024-02-13T18:59:55Z">
    <groups>
      <group name="cucumber">
        <method signature="AbstractTestNGCucumberTests.runScenario(io.cucumber.testng.PickleWrapper, io.cucumber.testng.FeatureWrapper)[pri:0, instance:runners.TestRunner_TestNG@b97c004]" name="runScenario" class="io.cucumber.testng.AbstractTestNGCucumberTests"/>
      </group> <!-- cucumber -->
    </groups>
    <test name="Default test" duration-ms="4679" started-at="2024-02-13T18:59:50Z" finished-at="2024-02-13T18:59:55Z">
      <class name="runners.TestRunner_TestNG">
        <test-method status="PASS" signature="setUpClass(org.testng.ITestContext)[pri:0, instance:runners.TestRunner_TestNG@b97c004]" name="setUpClass" is-config="true" duration-ms="251" started-at="2024-02-13T13:59:50Z" finished-at="2024-02-13T13:59:51Z">
          <params>
            <param index="0">
              <value>
                <![CDATA[org.testng.TestRunner@75483843]]>
              </value>
            </param>
          </params>
          <reporter-output>
          </reporter-output>
        </test-method> <!-- setUpClass -->
        <test-method status="FAIL" signature="runScenario(io.cucumber.testng.PickleWrapper, io.cucumber.testng.FeatureWrapper)[pri:0, instance:runners.TestRunner_TestNG@b97c004]" name="runScenario" duration-ms="4428" started-at="2024-02-13T13:59:51Z" description="Runs Cucumber Scenarios" data-provider="scenarios" finished-at="2024-02-13T13:59:55Z">
          <params>
            <param index="0">
              <value>
                <![CDATA["Authorized user is able to add and remove a book."]]>
              </value>
            </param>
            <param index="1">
              <value>
                <![CDATA["End to End Tests for ToolsQA bookstore API"]]>
              </value>
            </param>
          </params>
          <exception class="java.lang.AssertionError">
            <message>
              <![CDATA[expected [201] but found [400]]]>
            </message>
            <full-stacktrace>
              <![CDATA[java.lang.AssertionError: expected [201] but found [400]
	at org.testng.Assert.fail(Assert.java:94)
	at org.testng.Assert.failNotEquals(Assert.java:513)
	at org.testng.Assert.assertEqualsImpl(Assert.java:135)
	at org.testng.Assert.assertEquals(Assert.java:116)
	at org.testng.Assert.assertEquals(Assert.java:389)
	at org.testng.Assert.assertEquals(Assert.java:399)
	at stepDefinitions.Steps_add_remove_books.bookIsAdded(Steps_add_remove_books.java:81)
	at âœ½.The book is added(file:///C:/Users/jawad/eclipse-workspace/RestAssured_Cucumber/src/test/resources/featureFiles/end2endTest.feature:10)
]]>
            </full-stacktrace>
          </exception> <!-- java.lang.AssertionError -->
          <reporter-output>
          </reporter-output>
        </test-method> <!-- runScenario -->
        <test-method status="PASS" signature="tearDownClass()[pri:0, instance:runners.TestRunner_TestNG@b97c004]" name="tearDownClass" is-config="true" duration-ms="0" started-at="2024-02-13T13:59:55Z" finished-at="2024-02-13T13:59:55Z">
          <reporter-output>
          </reporter-output>
        </test-method> <!-- tearDownClass -->
      </class> <!-- runners.TestRunner_TestNG -->
    </test> <!-- Default test -->
  </suite> <!-- Default suite -->
</testng-results>
